This is pdfTeX, Version 3.14159265-2.6-1.40.21 (MiKTeX 21.1) (preloaded format=pdflatex 2021.2.2)  16 APR 2021 14:14
entering extended mode
**./proyecto.tex
(proyecto.tex
LaTeX2e <2020-10-01> patch level 4
L3 programming layer <2021-01-09> xparse <2020-03-03>
(C:\Users\Elenche\AppData\Local\Programs\MiKTeX\tex/latex/base\report.cls
Document Class: report 2020/04/10 v1.4m Standard LaTeX document class
(C:\Users\Elenche\AppData\Local\Programs\MiKTeX\tex/latex/base\size11.clo
File: size11.clo 2020/04/10 v1.4m Standard LaTeX file (size option)
)
\c@part=\count177
\c@chapter=\count178
\c@section=\count179
\c@subsection=\count180
\c@subsubsection=\count181
\c@paragraph=\count182
\c@subparagraph=\count183
\c@figure=\count184
\c@table=\count185
\abovecaptionskip=\skip47
\belowcaptionskip=\skip48
\bibindent=\dimen138
)
(C:\Users\Elenche\AppData\Local\Programs\MiKTeX\tex/generic/babel\babel.sty
Package: babel 2020/12/16 3.52 The Babel package

(C:\Users\Elenche\AppData\Local\Programs\MiKTeX\tex/generic/babel\babel.def
File: babel.def 2020/12/16 3.52 Babel common definitions
\babel@savecnt=\count186
\U@D=\dimen139
\l@babelnohyphens=\language79

(C:\Users\Elenche\AppData\Local\Programs\MiKTeX\tex/generic/babel\txtbabel.def)
\bbl@readstream=\read2
)
\bbl@dirlevel=\count187

*************************************
* Local config file bblopts.cfg used
*
(C:\Users\Elenche\AppData\Local\Programs\MiKTeX\tex/latex/arabi\bblopts.cfg
File: bblopts.cfg 2005/09/08 v0.1 add Arabic and Farsi to "declared" options of
 babel
)
(C:\Users\Elenche\AppData\Local\Programs\MiKTeX\tex/latex/babel-spanish\spanish
.ldf
Language: spanish.ldf 2016/03/03 v5.0p Spanish support from the babel system
\es@quottoks=\toks15
\es@quotdepth=\count188
Package babel Info: Making " an active character on input line 561.
Package babel Info: Making . an active character on input line 662.
Package babel Info: Making < an active character on input line 707.
Package babel Info: Making > an active character on input line 707.
))
(C:\Users\Elenche\AppData\Local\Programs\MiKTeX\tex/latex/base\inputenc.sty
Package: inputenc 2020/08/01 v1.3d Input encoding file
\inpenc@prehook=\toks16
\inpenc@posthook=\toks17
)
(C:\Users\Elenche\AppData\Local\Programs\MiKTeX\tex/latex/graphics\graphicx.sty
Package: graphicx 2020/09/09 v1.2b Enhanced LaTeX Graphics (DPC,SPQR)
(C:\Users\Elenche\AppData\Local\Programs\MiKTeX\tex/latex/graphics\keyval.sty
Package: keyval 2014/10/28 v1.15 key=value parser (DPC)
\KV@toks@=\toks18
)
(C:\Users\Elenche\AppData\Local\Programs\MiKTeX\tex/latex/graphics\graphics.sty
Package: graphics 2020/08/30 v1.4c Standard LaTeX Graphics (DPC,SPQR)
(C:\Users\Elenche\AppData\Local\Programs\MiKTeX\tex/latex/graphics\trig.sty
Package: trig 2016/01/03 v1.10 sin cos tan (DPC)
)
(C:\Users\Elenche\AppData\Local\Programs\MiKTeX\tex/latex/graphics-cfg\graphics
.cfg
File: graphics.cfg 2016/06/04 v1.11 sample graphics configuration
)
Package graphics Info: Driver file: pdftex.def on input line 105.

(C:\Users\Elenche\AppData\Local\Programs\MiKTeX\tex/latex/graphics-def\pdftex.d
ef
File: pdftex.def 2020/10/05 v1.2a Graphics/color driver for pdftex
))
\Gin@req@height=\dimen140
\Gin@req@width=\dimen141
)
(C:\Users\Elenche\AppData\Local\Programs\MiKTeX\tex/latex/enumitem\enumitem.sty
Package: enumitem 2019/06/20 v3.9 Customized lists
\labelindent=\skip49
\enit@outerparindent=\dimen142
\enit@toks=\toks19
\enit@inbox=\box47
\enit@count@id=\count189
\enitdp@description=\count190
) (C:\Users\Elenche\AppData\Local\Programs\MiKTeX\tex/latex/xcolor\xcolor.sty
Package: xcolor 2016/05/11 v2.12 LaTeX color extensions (UK)

(C:\Users\Elenche\AppData\Local\Programs\MiKTeX\tex/latex/graphics-cfg\color.cf
g
File: color.cfg 2016/01/02 v1.6 sample color configuration
)
Package xcolor Info: Driver file: pdftex.def on input line 225.

(C:\Users\Elenche\AppData\Local\Programs\MiKTeX\tex/latex/colortbl\colortbl.sty
Package: colortbl 2020/01/04 v1.0e Color table columns (DPC)

(C:\Users\Elenche\AppData\Local\Programs\MiKTeX\tex/latex/latex-tools\array.sty
Package: array 2020/10/01 v2.5c Tabular extension package (FMi)
\col@sep=\dimen143
\ar@mcellbox=\box48
\extrarowheight=\dimen144
\NC@list=\toks20
\extratabsurround=\skip50
\backup@length=\skip51
\ar@cellbox=\box49
)
\everycr=\toks21
\minrowclearance=\skip52
)
\rownum=\count191
Package xcolor Info: Model `cmy' substituted by `cmy0' on input line 1348.
Package xcolor Info: Model `hsb' substituted by `rgb' on input line 1352.
Package xcolor Info: Model `RGB' extended on input line 1364.
Package xcolor Info: Model `HTML' substituted by `rgb' on input line 1366.
Package xcolor Info: Model `Hsb' substituted by `hsb' on input line 1367.
Package xcolor Info: Model `tHsb' substituted by `hsb' on input line 1368.
Package xcolor Info: Model `HSB' substituted by `hsb' on input line 1369.
Package xcolor Info: Model `Gray' substituted by `gray' on input line 1370.
Package xcolor Info: Model `wave' substituted by `hsb' on input line 1371.
)
(C:\Users\Elenche\AppData\Local\Programs\MiKTeX\tex/latex/csquotes\csquotes.sty
Package: csquotes 2021-02-22 v5.2l context-sensitive quotations (JAW)

(C:\Users\Elenche\AppData\Local\Programs\MiKTeX\tex/latex/etoolbox\etoolbox.sty
Package: etoolbox 2020/10/05 v2.5k e-TeX tools for LaTeX (JAW)
\etb@tempcnta=\count192
)
\csq@reset=\count193
\csq@gtype=\count194
\csq@glevel=\count195
\csq@qlevel=\count196
\csq@maxlvl=\count197
\csq@tshold=\count198
\csq@ltx@everypar=\toks22

(C:\Users\Elenche\AppData\Local\Programs\MiKTeX\tex/latex/csquotes\csquotes.def
File: csquotes.def 2021-02-22 v5.2l csquotes generic definitions (JAW)
)
Package csquotes Info: Trying to load configuration file 'csquotes.cfg'...
Package csquotes Info: ... configuration file loaded successfully.

(C:\Users\Elenche\AppData\Local\Programs\MiKTeX\tex/latex/csquotes\csquotes.cfg
File: csquotes.cfg 
))
(C:\Users\Elenche\AppData\Local\Programs\MiKTeX\tex/latex/wrapfig\wrapfig.sty
\wrapoverhang=\dimen145
\WF@size=\dimen146
\c@WF@wrappedlines=\count199
\WF@box=\box50
\WF@everypar=\toks23
Package: wrapfig 2003/01/31  v 3.6
)
Package csquotes Info: Disabling multilingual quotes.
Package csquotes Info: Redefining alias 'default' -> 'english'.

(C:\Users\Elenche\AppData\Local\Programs\MiKTeX\tex/latex/l3backend\l3backend-p
dftex.def
File: l3backend-pdftex.def 2021-01-09 L3 backend support: PDF output (pdfTeX)
\l__kernel_color_stack_int=\count266
\l__pdf_internal_box=\box51
) (proyecto.aux
LaTeX Info: Redefining \. on input line 8.
LaTeX Info: Redefining \% on input line 8.
)
\openout1 = `proyecto.aux'.

LaTeX Font Info:    Checking defaults for OML/cmm/m/it on input line 14.
LaTeX Font Info:    ... okay on input line 14.
LaTeX Font Info:    Checking defaults for OMS/cmsy/m/n on input line 14.
LaTeX Font Info:    ... okay on input line 14.
LaTeX Font Info:    Checking defaults for OT1/cmr/m/n on input line 14.
LaTeX Font Info:    ... okay on input line 14.
LaTeX Font Info:    Checking defaults for T1/cmr/m/n on input line 14.
LaTeX Font Info:    ... okay on input line 14.
LaTeX Font Info:    Checking defaults for TS1/cmr/m/n on input line 14.
LaTeX Font Info:    ... okay on input line 14.
LaTeX Font Info:    Checking defaults for OMX/cmex/m/n on input line 14.
LaTeX Font Info:    ... okay on input line 14.
LaTeX Font Info:    Checking defaults for U/cmr/m/n on input line 14.
LaTeX Font Info:    ... okay on input line 14.
LaTeX Info: Redefining \. on input line 14.
LaTeX Info: Redefining \% on input line 14.

(C:\Users\Elenche\AppData\Local\Programs\MiKTeX\tex/context/base/mkii\supp-pdf.
mkii
[Loading MPS to PDF converter (version 2006.09.02).]
\scratchcounter=\count267
\scratchdimen=\dimen147
\scratchbox=\box52
\nofMPsegments=\count268
\nofMParguments=\count269
\everyMPshowfont=\toks24
\MPscratchCnt=\count270
\MPscratchDim=\dimen148
\MPnumerator=\count271
\makeMPintoPDFobject=\count272
\everyMPtoPDFconversion=\toks25
)
(C:\Users\Elenche\AppData\Local\Programs\MiKTeX\tex/latex/epstopdf-pkg\epstopdf
-base.sty
Package: epstopdf-base 2020-01-24 v2.11 Base part for package epstopdf
Package epstopdf-base Info: Redefining graphics rule for `.eps' on input line 4
85.
)
\centeroffset=\skip53
<imagenes/logo_ugr.pdf, id=1, 671.44951pt x 213.11218pt>
File: imagenes/logo_ugr.pdf Graphic file (type pdf)
<use imagenes/logo_ugr.pdf>
Package pdftex.def Info: imagenes/logo_ugr.pdf  used on input line 26.
(pdftex.def)             Requested size: 323.9978pt x 102.83247pt.
LaTeX Font Info:    External font `cmex10' loaded for size
(Font)              <10.95> on input line 37.
LaTeX Font Info:    External font `cmex10' loaded for size
(Font)              <8> on input line 37.
LaTeX Font Info:    External font `cmex10' loaded for size
(Font)              <6> on input line 37.

Overfull \hbox (25.5pt too wide) in paragraph at lines 23--38
| $[]$ 
 []

<imagenes/logo-ceuta.jpg, id=2, 250.9375pt x 100.375pt>
File: imagenes/logo-ceuta.jpg Graphic file (type jpg)
<use imagenes/logo-ceuta.jpg>
Package pdftex.def Info: imagenes/logo-ceuta.jpg  used on input line 47.
(pdftex.def)             Requested size: 108.0011pt x 43.20021pt.

Overfull \hbox (25.5pt too wide) in paragraph at lines 40--53
| $[]$ 
 []

[1

{C:/Users/Elenche/AppData/Local/MiKTeX/pdftex/config/pdftex.map} <./imagenes/lo
go_ugr.pdf> <./imagenes/logo-ceuta.jpg>] (capitulos/resumenes/resumen.tex
[2

]) (capitulos/resumenes/abstract.tex [3

]) [4

] (proyecto.toc
LaTeX Info: Redefining \. on input line 1.
LaTeX Info: Redefining \% on input line 1.
 [5

])
\tf@toc=\write3
\openout3 = `proyecto.toc'.

 [6]
(proyecto.lof
LaTeX Info: Redefining \. on input line 1.
LaTeX Info: Redefining \% on input line 1.
)
\tf@lof=\write4
\openout4 = `proyecto.lof'.

 [7


] (proyecto.lot
LaTeX Info: Redefining \. on input line 1.
LaTeX Info: Redefining \% on input line 1.
)
\tf@lot=\write5
\openout5 = `proyecto.lot'.

 (capitulos/introduccion/introduccion.tex
[8


]
Cap\'{\i }tulo 1.
(capitulos/introduccion/motivacion.tex
Underfull \hbox (badness 10000) in paragraph at lines 5--6

 []


Underfull \hbox (badness 10000) in paragraph at lines 11--12

 []


Underfull \hbox (badness 10000) in paragraph at lines 16--17

 []

[9

]) (capitulos/introduccion/objetivos.tex)
("capitulos/introduccion/estructura de la memoria.tex"
Underfull \hbox (badness 10000) in paragraph at lines 4--5

 []


Underfull \hbox (badness 10000) in paragraph at lines 7--8

 []

[10]
Underfull \hbox (badness 10000) in paragraph at lines 10--11

 []


Underfull \hbox (badness 10000) in paragraph at lines 13--15

 []


Underfull \hbox (badness 10000) in paragraph at lines 16--17

 []

) (capitulos/introduccion/recursos.tex [11])
("capitulos/introduccion/planificacion temporal.tex"

LaTeX Warning: `!h' float specifier changed to `!ht'.

)) ("capitulos/arte/estado del arte.tex" [12] [13]
Cap\'{\i }tulo 2.
(capitulos/arte/fundamentos.tex
Underfull \hbox (badness 10000) in paragraph at lines 3--4

 []


Underfull \hbox (badness 10000) in paragraph at lines 6--7

 []


Underfull \hbox (badness 10000) in paragraph at lines 9--10

 []

[14

]
Underfull \hbox (badness 10000) in paragraph at lines 12--13

 []


Underfull \hbox (badness 10000) in paragraph at lines 16--17

 []

) ("capitulos/arte/analisis de sistemas existentes.tex"
Underfull \hbox (badness 10000) in paragraph at lines 6--7

 []

<imagenes/Jiobit.jpg, id=70, 451.6875pt x 451.6875pt>
File: imagenes/Jiobit.jpg Graphic file (type jpg)
<use imagenes/Jiobit.jpg>
Package pdftex.def Info: imagenes/Jiobit.jpg  used on input line 10.
(pdftex.def)             Requested size: 90.0pt x 89.99817pt.

Underfull \hbox (badness 1546) in paragraph at lines 14--15
[][]\OT1/cmr/m/n/10.95 Aunque es-te dis-po-si-ti-vo fue di-se~nado pa-ra su
 []


Underfull \hbox (badness 1917) in paragraph at lines 14--15
\OT1/cmr/m/n/10.95 uso en ni~nos, por su ver-sa-ti-li-dad pron-to se ex-
 []


Underfull \hbox (badness 7326) in paragraph at lines 14--15
\OT1/cmr/m/n/10.95 ten-dio a mas-co-tas, adul-tos y per-so-nas ma-yo-
 []


Underfull \hbox (badness 3713) in paragraph at lines 14--15
\OT1/cmr/m/n/10.95 res. Tie-ne el ta-ma~no de una ga-lle-ta y dis-po-
 []


Underfull \hbox (badness 1642) in paragraph at lines 14--15
\OT1/cmr/m/n/10.95 ne de un boton de aler-ta pa-ra avi-sar en tiem-
 []


Underfull \hbox (badness 6775) in paragraph at lines 14--15
\OT1/cmr/m/n/10.95 po real, el dis-po-si-ti-vo se co-nec-ta a un ser-
 []


Underfull \hbox (badness 5431) in paragraph at lines 14--15
\OT1/cmr/m/n/10.95 vi-cio en la nu-be que a su vez co-nec-ta con
 []


Underfull \hbox (badness 7851) in paragraph at lines 14--15
\OT1/cmr/m/n/10.95 los dis-po-si-ti-vos a los que este aso-cia-do Jio-
 []


Underfull \hbox (badness 10000) in paragraph at lines 14--15

 []

[15 <./imagenes/Jiobit.jpg>]
Underfull \hbox (badness 10000) in paragraph at lines 36--37

 []


Underfull \hbox (badness 10000) in paragraph at lines 39--40

 []

[16]) ("capitulos/arte/analisis de aplicaciones moviles.tex"
Underfull \hbox (badness 10000) in paragraph at lines 6--7

 []


Underfull \hbox (badness 10000) in paragraph at lines 10--11

 []

[17]
Overfull \hbox (0.77254pt too wide) in paragraph at lines 23--24
[]\OT1/cmr/m/n/10.95 Para fun-cio-na-li-da-des mas com-ple-jas se ne-ce-si-ta 
de un dis-po-si-ti-vo Smart
 []


Underfull \hbox (badness 10000) in paragraph at lines 30--31

 []


LaTeX Warning: Command \texteuro invalid in math mode on input line 34.


LaTeX Warning: Command \texteuro invalid in math mode on input line 34.

Missing character: There is no ¿ in font cmr10!

Underfull \hbox (badness 10000) in paragraph at lines 34--35

 []

[18]) (capitulos/arte/conclusiones.tex))
("capitulos/diseno/diseno y descripcion del sistema.tex" [19]
Cap\'{\i }tulo 3.
("capitulos/diseno/requisitos previos.tex") (capitulos/diseno/mockups.tex)
(capitulos/diseno/conclusiones.tex))
("capitulos/prototipos/prototipos y desarrollo.tex" [20

]
Cap\'{\i }tulo 4.
(capitulos/prototipos/prototipo1.tex) (capitulos/prototipos/conclusiones.tex))
("capitulos/conclusiones/espanol/conclusiones y mejoras futuras.tex" [21

]
Cap\'{\i }tulo 5.
("capitulos/conclusiones/espanol/conclusiones tecnicas.tex")
("capitulos/conclusiones/espanol/conclusiones personales.tex")
("capitulos/conclusiones/espanol/futuras mejoras.tex"))
("capitulos/conclusiones/ingles/conclusions and future works.tex" [22

]
Cap\'{\i }tulo 6.
("capitulos/conclusiones/ingles/technical conclusions.tex")
("capitulos/conclusiones/ingles/personal conclusions.tex")
("capitulos/conclusiones/ingles/future works.tex")) [23

] (proyecto.bbl)
[24


] (proyecto.aux
LaTeX Info: Redefining \. on input line 8.
LaTeX Info: Redefining \% on input line 8.
) ) 
Here is how much of TeX's memory you used:
 4467 strings out of 479618
 70530 string characters out of 2864077
 398452 words of memory out of 3000000
 21505 multiletter control sequences out of 15000+200000
 410569 words of font info for 50 fonts, out of 3000000 for 9000
 1141 hyphenation exceptions out of 8191
 68i,11n,74p,1151b,394s stack positions out of 5000i,500n,10000p,200000b,50000s
 <C:\Users\Elenche\AppData\Local\MiKTeX\fonts/pk/ljfour/jknappen/ec/dpi600\t
cti1095.pk> <C:\Users\Elenche\AppData\Local\MiKTeX\fonts/pk/ljfour/jknappen/ec/
dpi600\tcrm1095.pk><C:/Users/Elenche/AppData/Local/Programs/MiKTeX/fonts/type1/
public/amsfonts/cm/cmbx10.pfb><C:/Users/Elenche/AppData/Local/Programs/MiKTeX/f
onts/type1/public/amsfonts/cm/cmbx12.pfb><C:/Users/Elenche/AppData/Local/Progra
ms/MiKTeX/fonts/type1/public/amsfonts/cm/cmcsc10.pfb><C:/Users/Elenche/AppData/
Local/Programs/MiKTeX/fonts/type1/public/amsfonts/cm/cmmi10.pfb><C:/Users/Elenc
he/AppData/Local/Programs/MiKTeX/fonts/type1/public/amsfonts/cm/cmr10.pfb><C:/U
sers/Elenche/AppData/Local/Programs/MiKTeX/fonts/type1/public/amsfonts/cm/cmr8.
pfb><C:/Users/Elenche/AppData/Local/Programs/MiKTeX/fonts/type1/public/amsfonts
/cm/cmsy10.pfb><C:/Users/Elenche/AppData/Local/Programs/MiKTeX/fonts/type1/publ
ic/amsfonts/cm/cmti10.pfb>
Output written on proyecto.pdf (24 pages, 381611 bytes).
PDF statistics:
 139 PDF objects out of 1000 (max. 8388607)
 0 named destinations out of 1000 (max. 500000)
 16 words of extra memory for PDF output out of 10000 (max. 10000000)

